Build started 29.06.2015 18:06:19.
     1>Project "C:\Users\lenovo\Documents\Visual Studio 2013\Projects\Classes\courseWork\courseWork\courseWork.vcxproj" on node 2 (Build target(s)).
     1>ClCompile:
         C:\Program Files (x86)\Microsoft Visual Studio 12.0\VC\bin\CL.exe /c /ZI /nologo /W3 /WX- /sdl /Od /Oy- /D _MBCS /Gm /EHsc /RTC1 /MDd /GS /fp:precise /Zc:wchar_t /Zc:forScope /Fo"Debug\\" /Fd"Debug\vc120.pdb" /Gd /TP /analyze- /errorReport:prompt Source.cpp
         Source.cpp
     1>c:\users\lenovo\documents\visual studio 2013\projects\classes\coursework\coursework\source.cpp(267): warning C4018: '<' : signed/unsigned mismatch
     1>c:\users\lenovo\documents\visual studio 2013\projects\classes\coursework\coursework\source.cpp(292): warning C4018: '<=' : signed/unsigned mismatch
     1>c:\users\lenovo\documents\visual studio 2013\projects\classes\coursework\coursework\source.cpp(366): warning C4018: '<=' : signed/unsigned mismatch
     1>c:\users\lenovo\documents\visual studio 2013\projects\classes\coursework\coursework\source.cpp(399): warning C4018: '<' : signed/unsigned mismatch
     1>c:\users\lenovo\documents\visual studio 2013\projects\classes\coursework\coursework\source.cpp(414): warning C4018: '<' : signed/unsigned mismatch
       Link:
         C:\Program Files (x86)\Microsoft Visual Studio 12.0\VC\bin\link.exe /ERRORREPORT:PROMPT /OUT:"C:\Users\lenovo\Documents\Visual Studio 2013\Projects\Classes\courseWork\Debug\courseWork.exe" /INCREMENTAL /NOLOGO kernel32.lib user32.lib gdi32.lib winspool.lib comdlg32.lib advapi32.lib shell32.lib ole32.lib oleaut32.lib uuid.lib odbc32.lib odbccp32.lib /MANIFEST /MANIFESTUAC:"level='asInvoker' uiAccess='false'" /manifest:embed /DEBUG /PDB:"C:\Users\lenovo\Documents\Visual Studio 2013\Projects\Classes\courseWork\Debug\courseWork.pdb" /TLBID:1 /DYNAMICBASE /NXCOMPAT /IMPLIB:"C:\Users\lenovo\Documents\Visual Studio 2013\Projects\Classes\courseWork\Debug\courseWork.lib" /MACHINE:X86 Debug\date.obj
         Debug\group.obj
         Debug\lesson.obj
         Debug\Source.obj
         Debug\student.obj
         courseWork.vcxproj -> C:\Users\lenovo\Documents\Visual Studio 2013\Projects\Classes\courseWork\Debug\courseWork.exe
     1>Done Building Project "C:\Users\lenovo\Documents\Visual Studio 2013\Projects\Classes\courseWork\courseWork\courseWork.vcxproj" (Build target(s)).

Build succeeded.

Time Elapsed 00:00:01.14
